<?xml version="1.0" encoding="UTF-8"?>
<testsuite name="httpserver.HelloWorldTest" tests="1" skipped="0" failures="0" errors="0" timestamp="2022-08-01T22:12:43" hostname="Klavens-Work-MacBook-Pro.local" time="0.019">
  <properties/>
  <testcase name="shouldShowSimpleAssertion()" classname="httpserver.HelloWorldTest" time="0.019"/>
  <system-out><![CDATA[]]></system-out>
  <system-err><![CDATA[]]></system-err>
</testsuite>
